Arguments: 
  /home/kareem/.nvm/versions/node/v14.4.0/bin/node /home/kareem/.nvm/versions/node/v14.4.0/bin/yarn login

PATH: 
  /home/kareem/.vscode-server/bin/a5d1cc28bb5da32ec67e86cc50f84c67cc690321/bin:/home/kareem/.nvm/versions/node/v14.4.0/bin:/home/linuxbrew/.linuxbrew/bin:/home/linuxbrew/.linuxbrew/sbin:/usr/local/sbin:/usr/local/bin:/usr/sbin:/usr/bin:/sbin:/bin:/usr/games:/usr/local/games:/mnt/c/Python27/:/mnt/c/Python27/Scripts:/mnt/c/Program Files (x86)/Common Files/Oracle/Java/javapath:/mnt/c/Program Files (x86)/Intel/Intel(R) Management Engine Components/iCLS/:/mnt/c/Program Files/Intel/Intel(R) Management Engine Components/iCLS/:/mnt/c/Windows/system32:/mnt/c/Windows:/mnt/c/Windows/System32/Wbem:/mnt/c/Windows/System32/WindowsPowerShell/v1.0/:/mnt/c/Windows/System32/OpenSSH/:/mnt/c/Program Files (x86)/NVIDIA Corporation/PhysX/Common:/mnt/c/Program Files/NVIDIA Corporation/NVIDIA NvDLISR:/mnt/c/Program Files/Git/cmd:/mnt/c/WINDOWS/system32:/mnt/c/WINDOWS:/mnt/c/WINDOWS/System32/Wbem:/mnt/c/WINDOWS/System32/WindowsPowerShell/v1.0/:/mnt/c/WINDOWS/System32/OpenSSH/:/mnt/c/Program Files (x86)/Intel/Intel(R) Management Engine Components/DAL:/mnt/c/Program Files/Intel/Intel(R) Management Engine Components/DAL:/mnt/c/Program Files/nodejs/:/mnt/c/Program Files/Microsoft VS Code Insiders/bin:/mnt/c/WINDOWS/system32:/mnt/c/WINDOWS:/mnt/c/WINDOWS/System32/Wbem:/mnt/c/WINDOWS/System32/WindowsPowerShell/v1.0/:/mnt/c/WINDOWS/System32/OpenSSH/:/mnt/c/ProgramData/chocolatey/bin:/mnt/c/Program Files/Java/jdk1.8.0_211/bin:/mnt/c/Users/ya_sl/AppData/Local/Android/Sdk/bin:/mnt/c/Users/ya_sl/AppData/Local/Android/Sdk/platform-tools:/mnt/c/Users/ya_sl/AppData/Local/Android/Sdk/emulator:/mnt/c/Users/ya_sl/AppData/Local/Android/Sdk/tools/bin:/mnt/c/Program Files/Docker/Docker/resources/bin:/mnt/c/ProgramData/DockerDesktop/version-bin:/mnt/c/Users/ya_sl/AppData/Local/Microsoft/WindowsApps:/mnt/c/Users/ya_sl/AppData/Local/Programs/Microsoft VS Code/bin:/mnt/c/Users/ya_sl/AppData/Roaming/npm:/mnt/c/Program Files/Oracle/VirtualBox:/home/kareem/Android/platform-tools:/home/kareem/Android/emulator:/home/kareem/Android/platforms:/home/kareem/Android/cmdline-tools/latest/bin:/usr/lib/jvm/java-11-openjdk-amd64/bin:/home/kareem/Android/platform-tools:/home/kareem/Android/emulator:/home/kareem/Android/platforms:/home/kareem/Android/cmdline-tools/latest/bin:/usr/lib/jvm/java-11-openjdk-amd64/bin

Yarn version: 
  1.22.4

Node version: 
  14.4.0

Platform: 
  linux x64

Trace: 
  Error: canceled
      at Interface.<anonymous> (/home/kareem/.nvm/versions/node/v14.4.0/lib/node_modules/yarn/lib/cli.js:137008:13)
      at Interface.emit (events.js:315:20)
      at Interface._ttyWrite (readline.js:873:16)
      at ReadStream.onkeypress (readline.js:213:10)
      at ReadStream.emit (events.js:315:20)
      at emitKeys (internal/readline/utils.js:335:14)
      at emitKeys.next (<anonymous>)
      at ReadStream.onData (readline.js:1140:36)
      at ReadStream.emit (events.js:315:20)
      at addChunk (_stream_readable.js:302:12)

npm manifest: 
  {
    "name": "react-isomorphic-state",
    "version": "0.1.0",
    "main": "./dist/index.d.ts",
    "license": "MIT",
    "description": "global state without context, supports immutablity",
    "keywords": [
      "localize",
      "react-localize",
      "react-translate",
      "react",
      "translate"
    ],
    "author": "AhmedNassar147 <nassarahmed750@gmail.com>",
    "publishConfig": {
      "registry": "https://npm.pkg.github.com/"
    },
    "types": "./dist/types.d.ts",
    "files": [
      "./dist"
    ],
    "bugs": {
      "url": "https://github.com/AIMA-lab/react-isomorphic-state/issues"
    },
    "repository": {
      "type": "git",
      "url": "https://github.com/AIMA-lab/react-isomorphic-state"
    },
    "scripts": {
      "build": "tsc -p ."
    },
    "dependencies": {
      "immutable": "^4.0.0-rc.12"
    },
    "devDependencies": {
      "@types/react": "^16.9.36",
      "typescript": "^3.9.5"
    },
    "peerDependencies": {
      "react": ">= 16.8.0"
    },
    "colaborators": [
      "SuperKareem",
      "AhmedNassar147"
    ]
  }

yarn manifest: 
  No manifest

Lockfile: 
  # THIS IS AN AUTOGENERATED FILE. DO NOT EDIT THIS FILE DIRECTLY.
  # yarn lockfile v1
  
  
  "@types/prop-types@*":
    version "15.7.3"
    resolved "https://registry.yarnpkg.com/@types/prop-types/-/prop-types-15.7.3.tgz#2ab0d5da2e5815f94b0b9d4b95d1e5f243ab2ca7"
    integrity sha512-KfRL3PuHmqQLOG+2tGpRO26Ctg+Cq1E01D2DMriKEATHgWLfeNDmq9e29Q9WIky0dQ3NPkd1mzYH8Lm936Z9qw==
  
  "@types/react@^16.9.36":
    version "16.9.36"
    resolved "https://registry.yarnpkg.com/@types/react/-/react-16.9.36.tgz#ade589ff51e2a903e34ee4669e05dbfa0c1ce849"
    integrity sha512-mGgUb/Rk/vGx4NCvquRuSH0GHBQKb1OqpGS9cT9lFxlTLHZgkksgI60TuIxubmn7JuCb+sENHhQciqa0npm0AQ==
    dependencies:
      "@types/prop-types" "*"
      csstype "^2.2.0"
  
  csstype@^2.2.0:
    version "2.6.10"
    resolved "https://registry.yarnpkg.com/csstype/-/csstype-2.6.10.tgz#e63af50e66d7c266edb6b32909cfd0aabe03928b"
    integrity sha512-D34BqZU4cIlMCY93rZHbrq9pjTAQJ3U8S8rfBqjwHxkGPThWFjzZDQpgMJY0QViLxth6ZKYiwFBo14RdN44U/w==
  
  immutable@^4.0.0-rc.12:
    version "4.0.0-rc.12"
    resolved "https://registry.yarnpkg.com/immutable/-/immutable-4.0.0-rc.12.tgz#ca59a7e4c19ae8d9bf74a97bdf0f6e2f2a5d0217"
    integrity sha512-0M2XxkZLx/mi3t8NVwIm1g8nHoEmM9p9UBl/G9k4+hm0kBgOVdMV/B3CY5dQ8qG8qc80NN4gDV4HQv6FTJ5q7A==
  
  typescript@^3.9.5:
    version "3.9.5"
    resolved "https://registry.yarnpkg.com/typescript/-/typescript-3.9.5.tgz#586f0dba300cde8be52dd1ac4f7e1009c1b13f36"
    integrity sha512-hSAifV3k+i6lEoCJ2k6R2Z/rp/H3+8sdmcn5NrS3/3kE7+RyZXm9aqvxWqjEXHAd8b0pShatpcdMTvEdvAJltQ==
